<?xml version="1.0" encoding="UTF-8"?>
<testsuite xmlns:xsi="http://www.w3.org/2001/XMLSchema-instance" xsi:noNamespaceSchemaLocation="https://maven.apache.org/surefire/maven-surefire-plugin/xsd/surefire-test-report-3.0.xsd" version="3.0" name="com.contactservice.contact.ContactServiceTest" time="0.015" tests="4" errors="0" skipped="0" failures="0">
  <properties>
[...]
</properties>
  <testcase name="testDeleteContact" classname="com.contactservice.contact.ContactServiceTest" time="0.001"/>
  <testcase name="testUpdateContact" classname="com.contactservice.contact.ContactServiceTest" time="0"/>
  <testcase name="testAddDuplicateContact" classname="com.contactservice.contact.ContactServiceTest" time="0.004"/>
  <testcase name="testAddContact" classname="com.contactservice.contact.ContactServiceTest" time="0.003"/>
</testsuite>